<?xml version="1.0" encoding="UTF-8"?>
<!-- Generated by org.testng.reporters.JUnitXMLReporter -->
<testsuite hostname="Yakesh" ignored="0" name="Default test" tests="3" failures="0" timestamp="29 Mar 2023 18:12:46 GMT" time="44.14" errors="0">
  <testcase name="verifyGetMethod" time="8.182" classname="com.examples.api.TestCategory"/>
  <testcase name="getCount" time="18.502" classname="com.examples.api.TestCategory"/>
  <testcase name="getGeoLocationForFoodCategory" time="17.433" classname="com.examples.api.TestCategory"/>
</testsuite> <!-- Default test -->
