<?xml version="1.0" encoding="UTF-8"?>
<!-- Generated by org.testng.reporters.JUnitXMLReporter -->
<testsuite hostname="Yakesh" ignored="2" name="Default test" tests="1" failures="0" timestamp="27 Mar 2023 15:34:17 GMT" time="11.726" errors="0">
  <testcase name="getGeoLocationForFoodCategory" time="11.709" classname="com.examples.api.TestCategory"/>
  <testcase name="verifyGetMethod" time="0.0" classname="com.examples.api.TestCategory">
    <ignored/>
  </testcase> <!-- verifyGetMethod -->
  <testcase name="getCountOfCategory" time="0.0" classname="com.examples.api.TestCategory">
    <ignored/>
  </testcase> <!-- getCountOfCategory -->
</testsuite> <!-- Default test -->
