<?xml version="1.0" encoding="UTF-8"?>
<testng-results skipped="0" failed="0" ignored="2" total="3" passed="1">
  <reporter-output>
  </reporter-output>
  <suite name="Default suite" duration-ms="11726" started-at="2023-03-27T15:34:06Z" finished-at="2023-03-27T15:34:17Z">
    <groups>
    </groups>
    <test name="Default test" duration-ms="11726" started-at="2023-03-27T15:34:06Z" finished-at="2023-03-27T15:34:17Z">
      <class name="com.examples.api.TestCategory">
        <test-method status="PASS" signature="getGeoLocationForFoodCategory()[pri:0, instance:com.examples.api.TestCategory@18ce0030]" name="getGeoLocationForFoodCategory" duration-ms="11709" started-at="2023-03-27T15:34:06Z" finished-at="2023-03-27T15:34:17Z">
          <reporter-output>
          </reporter-output>
        </test-method> <!-- getGeoLocationForFoodCategory -->
      </class> <!-- com.examples.api.TestCategory -->
    </test> <!-- Default test -->
  </suite> <!-- Default suite -->
</testng-results>
